3773:C 04 Jul 12:51:40.812 # Can't chdir to './redis': No such file or directory
3934:M 04 Jul 12:54:47.088 * Increased maximum number of open files to 10032 (it was originally set to 1024).
3934:M 04 Jul 12:54:47.089 # Creating Server TCP listening socket *:7788: bind: Address already in use
24027:C 02 Jul 2020 23:51:56.869 # oO0OoO0OoO0Oo Redis is starting oO0OoO0OoO0Oo
24027:C 02 Jul 2020 23:51:56.869 # Redis version=5.0.4, bits=64, commit=00000000, modified=0, pid=24027, just started
24027:C 02 Jul 2020 23:51:56.869 # Configuration loaded
24028:M 02 Jul 2020 23:51:56.870 * Increased maximum number of open files to 10032 (it was originally set to 1024).
                _._                                                  
           _.-``__ ''-._                                             
      _.-``    `.  `_.  ''-._           Redis 5.0.4 (00000000/0) 64 bit
  .-`` .-```.  ```\/    _.,_ ''-._                                   
 (    '      ,       .-`  | `,    )     Running in standalone mode
 |`-._`-...-` __...-.``-._|'` _.-'|     Port: 6379
 |    `-._   `._    /     _.-'    |     PID: 24028
  `-._    `-._  `-./  _.-'    _.-'                                   
 |`-._`-._    `-.__.-'    _.-'_.-'|                                  
 |    `-._`-._        _.-'_.-'    |           http://redis.io        
  `-._    `-._`-.__.-'_.-'    _.-'                                   
 |`-._`-._    `-.__.-'    _.-'_.-'|                                  
 |    `-._`-._        _.-'_.-'    |                                  
  `-._    `-._`-.__.-'_.-'    _.-'                                   
      `-._    `-.__.-'    _.-'                                       
          `-._        _.-'                                           
              `-.__.-'                                               

24028:M 02 Jul 2020 23:51:56.870 # WARNING: The TCP backlog setting of 511 cannot be enforced because /proc/sys/net/core/somaxconn is set to the lower value of 128.
24028:M 02 Jul 2020 23:51:56.870 # Server initialized
24028:M 02 Jul 2020 23:51:56.870 # WARNING overcommit_memory is set to 0! Background save may fail under low memory condition. To fix this issue add 'vm.overcommit_memory = 1' to /etc/sysctl.conf and then reboot or run the command 'sysctl vm.overcommit_memory=1' for this to take effect.
24028:M 02 Jul 2020 23:51:56.870 # WARNING you have Transparent Huge Pages (THP) support enabled in your kernel. This will create latency and memory usage issues with Redis. To fix this issue run the command 'echo never > /sys/kernel/mm/transparent_hugepage/enabled' as root, and add it to your /etc/rc.local in order to retain the setting after a reboot. Redis must be restarted after THP is disabled.
24028:M 02 Jul 2020 23:51:56.870 * Ready to accept connections
