[2021-05-20 15:42:39]--[src_cgi/login_cgi.c:287]--buf = {
    "pwd": "e10adc3949ba59abbe56e057f20f883e",
    "user": "liaoqingfu"
}

[2021-05-20 15:42:39]--[src_cgi/login_cgi.c:293]--username = liaoqingfu, pwd = e10adc3949ba59abbe56e057f20f883e
[2021-05-20 15:42:39]--[src_cgi/login_cgi.c:100]--mysql_user = root, mysql_pwd = 123456, mysql_db = 0voice_cloud_disk
[2021-05-20 15:42:39]--[src_cgi/login_cgi.c:160]--redis:[ip=127.0.0.1,port=6379]
[2021-05-20 15:42:39]--[src_cgi/login_cgi.c:184]--tmp = liaoqingfu786164685501
[2021-05-20 15:42:39]--[src_cgi/login_cgi.c:200]--base64 = 5ZzlgnVZ14ktUjK7gf7KRwJrHAnsDwBy
[2021-05-20 15:42:39]--[src_cgi/login_cgi.c:302]--token = 56a5874e1874e17f67d4a5a0d7a52c6a
[2021-05-20 15:46:15]--[src_cgi/login_cgi.c:287]--buf = {
    "pwd": "e10adc3949ba59abbe56e057f20f883e",
    "user": "liaoqingfu"
}

[2021-05-20 15:46:15]--[src_cgi/login_cgi.c:293]--username = liaoqingfu, pwd = e10adc3949ba59abbe56e057f20f883e
[2021-05-20 15:46:15]--[src_cgi/login_cgi.c:100]--mysql_user = root, mysql_pwd = 123456, mysql_db = 0voice_cloud_disk
[2021-05-20 15:46:15]--[src_cgi/login_cgi.c:160]--redis:[ip=127.0.0.1,port=6379]
[2021-05-20 15:46:15]--[src_cgi/login_cgi.c:184]--tmp = liaoqingfu147253418185
[2021-05-20 15:46:15]--[src_cgi/login_cgi.c:200]--base64 = 5ZzlgnVZ14mWux8f5nN2rqtNsNqlaBuN
[2021-05-20 15:46:15]--[src_cgi/login_cgi.c:302]--token = 818354c85b5070de83ea3e7b87000ad7
