[2021-05-20 15:42:39]--[src_cgi/myfiles_cgi.c:504]--cmd = count
[2021-05-20 15:42:39]--[src_cgi/myfiles_cgi.c:536]--buf = {
    "token": "56a5874e1874e17f67d4a5a0d7a52c6a",
    "user": "liaoqingfu"
}

[2021-05-20 15:42:39]--[src_cgi/myfiles_cgi.c:175]--line = 11
[2021-05-20 15:42:40]--[src_cgi/myfiles_cgi.c:504]--cmd = normal
[2021-05-20 15:42:40]--[src_cgi/myfiles_cgi.c:536]--buf = {
    "count": 10,
    "start": 0,
    "token": "56a5874e1874e17f67d4a5a0d7a52c6a",
    "user": "liaoqingfu"
}

[2021-05-20 15:42:40]--[src_cgi/myfiles_cgi.c:556]--user = liaoqingfu, token = 56a5874e1874e17f67d4a5a0d7a52c6a, start = 0, count = 10
[2021-05-20 15:42:40]--[src_cgi/myfiles_cgi.c:305]--select user_file_list.*, file_info.url, file_info.size, file_info.type from file_info, user_file_list where user = 'liaoqingfu' and file_info.md5 = user_file_list.md5 limit 0, 10 在操作
[2021-05-20 15:42:40]--[src_cgi/myfiles_cgi.c:436]--{
	"files":	[{
			"user":	"liaoqingfu",
			"md5":	"6c5fa2864bb264c91167258b3e478fa0",
			"create_time":	"2021-05-15 11:31:00",
			"file_name":	"Qt5Svg.dll",
			"share_status":	0,
			"pv":	1,
			"url":	"http://120.27.131.197:80/group1/M00/00/00/eBuDxWCfQHSATopyAAV8AJV_1mw866.dll",
			"size":	359424,
			"type":	"dll"
		}, {
			"user":	"liaoqingfu",
			"md5":	"c32b5d82be3d2fcec96de06e81f87814",
			"create_time":	"2021-05-15 11:33:04",
			"file_name":	"1.png",
			"share_status":	0,
			"pv":	0,
			"url":	"http://120.27.131.197:80/group1/M00/00/00/eBuDxWCfQPCAapRFAACtu7ei-L0000.png",
			"size":	44475,
			"type":	"png"
		}, {
			"user":	"liaoqingfu",
			"md5":	"e8019e51b30a43f123ce2d7d101e3b60",
			"create_time":	"2021-05-15 11:45:03",
			"file_name":	"数据库脚本.rar",
			"share_status":	1,
			"pv":	0,
			"url":	"http://120.27.131.197:80/group1/M00/00/00/eBuDxWCfQ7-AZ46qAAAFnA6XuOk033.rar",
			"size":	1436,
			"type":	"rar"
		}, {
			"user":	"liaoqingfu",
			"md5":	"da097613130f00f4080bd0ce328d152a",
			"create_time":	"2021-05-15 11:48:53",
			"file_name":	"吕亚亚 .doc",
			"share_status":	0,
			"pv":	0,
			"url":	"http://120.27.131.197:80/group1/M00/00/00/eBuDxWCfRKWAJqSLAAH3dwDxYMk778.doc",
			"size":	128887,
			"type":	"doc"
		}, {
			"user":	"liaoqingfu",
			"md5":	"c5b362bce86bb0ad3149c4540201331d",
			"create_time":	"2021-05-15 11:54:26",
			"file_name":	"D3Dcompiler_47.dll",
			"share_status":	0,
			"pv":	0,
			"url":	"http://120.27.131.197:80/group1/M00/00/00/eBuDxWCfRfKATFoxADTmaPw2ZiQ946.dll",
			"size":	3466856,
			"type":	"dll"
		}, {
			"user":	"liaoqingfu",
			"md5":	"c08ec7fd283acb830a430bca56c269f9",
			"create_time":	"2021-05-15 11:55:07",
			"file_name":	"output3.mp4",
			"share_status":	0,
			"pv":	0,
			"url":	"http://120.27.131.197:80/group1/M00/00/00/eBuDxWCfRhuAMhSWAPpYluzwA4o872.mp4",
			"size":	16406678,
			"type":	"mp4"
		}, {
			"user":	"liaoqingfu",
			"md5":	"80703bda4916176a1be498cbffee15f8",
			"create_time":	"2021-05-15 15:48:08",
			"file_name":	"加密视频宣传.png",
			"share_status":	0,
			"pv":	0,
			"url":	"http://120.27.131.197:80/group1/M00/00/00/eBuDxWCffLiAB71RAADWDmE16E4491.png",
			"size":	54798,
			"type":	"png"
		}, {
			"user":	"liaoqingfu",
			"md5":	"6c898c6b555220bbd8482d573c83f068",
			"create_time":	"2021-05-15 15:52:39",
			"file_name":	"demo-unknown-20210416151128-Main.mp4",
			"share_status":	0,
			"pv":	0,
			"url":	"http://120.27.131.197:80/group1/M00/00/00/eBuDxWCffceAKffuAGBIr_7tslk974.mp4",
			"size":	6310063,
			"type":	"mp4"
		}, {
			"user":	"liaoqingfu",
			"md5":	"d3120945a3337f1f14843b715c5cef54",
			"create_time":	"2021-05-15 16:03:52",
			"file_name":	"HelloServer.tgz",
			"share_status":	0,
			"pv":	0,
			"url":	"http://120.27.131.197:80/group1/M00/00/00/eBuDxWCfgGiABrKJAAwYOwKfmbc658.tgz",
			"size":	792635,
			"type":	"tgz"
		}, {
			"user":	"liaoqingfu",
			"md5":	"82c2c77f82203be1ced376ccfd022c6b",
			"create_time":	"2021-05-15 16:05:20",
			"file_name":	"SunloginClient_11.0.0.33826_x64.exe",
			"share_status":	0,
			"pv":	0,
			"url":	"http://120.27.131.197:80/group1/M00/00/00/eBuDxWCfgMCASJCTAOAyELby0wk654.exe",
			"size":	14692880,
			"type":	"exe"
		}]
}
[2021-05-20 15:42:40]--[src_cgi/myfiles_cgi.c:504]--cmd = normal
[2021-05-20 15:42:40]--[src_cgi/myfiles_cgi.c:536]--buf = {
    "count": 1,
    "start": 10,
    "token": "56a5874e1874e17f67d4a5a0d7a52c6a",
    "user": "liaoqingfu"
}

[2021-05-20 15:42:40]--[src_cgi/myfiles_cgi.c:556]--user = liaoqingfu, token = 56a5874e1874e17f67d4a5a0d7a52c6a, start = 10, count = 1
[2021-05-20 15:42:40]--[src_cgi/myfiles_cgi.c:305]--select user_file_list.*, file_info.url, file_info.size, file_info.type from file_info, user_file_list where user = 'liaoqingfu' and file_info.md5 = user_file_list.md5 limit 10, 1 在操作
[2021-05-20 15:42:40]--[src_cgi/myfiles_cgi.c:436]--{
	"files":	[{
			"user":	"liaoqingfu",
			"md5":	"68561b686927ae636c6e7d310ff86a0a",
			"create_time":	"2021-05-15 16:05:52",
			"file_name":	"believe.mp4",
			"share_status":	0,
			"pv":	0,
			"url":	"http://120.27.131.197:80/group1/M00/00/00/eBuDxWCfgOCAWQ5rAHdpanb9HRI840.mp4",
			"size":	7825770,
			"type":	"mp4"
		}]
}
[2021-05-20 15:42:51]--[src_cgi/myfiles_cgi.c:504]--cmd = count
[2021-05-20 15:42:51]--[src_cgi/myfiles_cgi.c:536]--buf = {
    "token": "56a5874e1874e17f67d4a5a0d7a52c6a",
    "user": "liaoqingfu"
}

[2021-05-20 15:42:51]--[src_cgi/myfiles_cgi.c:175]--line = 11
[2021-05-20 15:42:51]--[src_cgi/myfiles_cgi.c:504]--cmd = normal
[2021-05-20 15:42:51]--[src_cgi/myfiles_cgi.c:536]--buf = {
    "count": 10,
    "start": 0,
    "token": "56a5874e1874e17f67d4a5a0d7a52c6a",
    "user": "liaoqingfu"
}

[2021-05-20 15:42:51]--[src_cgi/myfiles_cgi.c:556]--user = liaoqingfu, token = 56a5874e1874e17f67d4a5a0d7a52c6a, start = 0, count = 10
[2021-05-20 15:42:51]--[src_cgi/myfiles_cgi.c:305]--select user_file_list.*, file_info.url, file_info.size, file_info.type from file_info, user_file_list where user = 'liaoqingfu' and file_info.md5 = user_file_list.md5 limit 0, 10 在操作
[2021-05-20 15:42:51]--[src_cgi/myfiles_cgi.c:436]--{
	"files":	[{
			"user":	"liaoqingfu",
			"md5":	"6c5fa2864bb264c91167258b3e478fa0",
			"create_time":	"2021-05-15 11:31:00",
			"file_name":	"Qt5Svg.dll",
			"share_status":	0,
			"pv":	1,
			"url":	"http://120.27.131.197:80/group1/M00/00/00/eBuDxWCfQHSATopyAAV8AJV_1mw866.dll",
			"size":	359424,
			"type":	"dll"
		}, {
			"user":	"liaoqingfu",
			"md5":	"c32b5d82be3d2fcec96de06e81f87814",
			"create_time":	"2021-05-15 11:33:04",
			"file_name":	"1.png",
			"share_status":	0,
			"pv":	0,
			"url":	"http://120.27.131.197:80/group1/M00/00/00/eBuDxWCfQPCAapRFAACtu7ei-L0000.png",
			"size":	44475,
			"type":	"png"
		}, {
			"user":	"liaoqingfu",
			"md5":	"e8019e51b30a43f123ce2d7d101e3b60",
			"create_time":	"2021-05-15 11:45:03",
			"file_name":	"数据库脚本.rar",
			"share_status":	1,
			"pv":	0,
			"url":	"http://120.27.131.197:80/group1/M00/00/00/eBuDxWCfQ7-AZ46qAAAFnA6XuOk033.rar",
			"size":	1436,
			"type":	"rar"
		}, {
			"user":	"liaoqingfu",
			"md5":	"da097613130f00f4080bd0ce328d152a",
			"create_time":	"2021-05-15 11:48:53",
			"file_name":	"吕亚亚 .doc",
			"share_status":	0,
			"pv":	0,
			"url":	"http://120.27.131.197:80/group1/M00/00/00/eBuDxWCfRKWAJqSLAAH3dwDxYMk778.doc",
			"size":	128887,
			"type":	"doc"
		}, {
			"user":	"liaoqingfu",
			"md5":	"c5b362bce86bb0ad3149c4540201331d",
			"create_time":	"2021-05-15 11:54:26",
			"file_name":	"D3Dcompiler_47.dll",
			"share_status":	0,
			"pv":	0,
			"url":	"http://120.27.131.197:80/group1/M00/00/00/eBuDxWCfRfKATFoxADTmaPw2ZiQ946.dll",
			"size":	3466856,
			"type":	"dll"
		}, {
			"user":	"liaoqingfu",
			"md5":	"c08ec7fd283acb830a430bca56c269f9",
			"create_time":	"2021-05-15 11:55:07",
			"file_name":	"output3.mp4",
			"share_status":	0,
			"pv":	0,
			"url":	"http://120.27.131.197:80/group1/M00/00/00/eBuDxWCfRhuAMhSWAPpYluzwA4o872.mp4",
			"size":	16406678,
			"type":	"mp4"
		}, {
			"user":	"liaoqingfu",
			"md5":	"80703bda4916176a1be498cbffee15f8",
			"create_time":	"2021-05-15 15:48:08",
			"file_name":	"加密视频宣传.png",
			"share_status":	0,
			"pv":	0,
			"url":	"http://120.27.131.197:80/group1/M00/00/00/eBuDxWCffLiAB71RAADWDmE16E4491.png",
			"size":	54798,
			"type":	"png"
		}, {
			"user":	"liaoqingfu",
			"md5":	"6c898c6b555220bbd8482d573c83f068",
			"create_time":	"2021-05-15 15:52:39",
			"file_name":	"demo-unknown-20210416151128-Main.mp4",
			"share_status":	0,
			"pv":	0,
			"url":	"http://120.27.131.197:80/group1/M00/00/00/eBuDxWCffceAKffuAGBIr_7tslk974.mp4",
			"size":	6310063,
			"type":	"mp4"
		}, {
			"user":	"liaoqingfu",
			"md5":	"d3120945a3337f1f14843b715c5cef54",
			"create_time":	"2021-05-15 16:03:52",
			"file_name":	"HelloServer.tgz",
			"share_status":	0,
			"pv":	0,
			"url":	"http://120.27.131.197:80/group1/M00/00/00/eBuDxWCfgGiABrKJAAwYOwKfmbc658.tgz",
			"size":	792635,
			"type":	"tgz"
		}, {
			"user":	"liaoqingfu",
			"md5":	"82c2c77f82203be1ced376ccfd022c6b",
			"create_time":	"2021-05-15 16:05:20",
			"file_name":	"SunloginClient_11.0.0.33826_x64.exe",
			"share_status":	0,
			"pv":	0,
			"url":	"http://120.27.131.197:80/group1/M00/00/00/eBuDxWCfgMCASJCTAOAyELby0wk654.exe",
			"size":	14692880,
			"type":	"exe"
		}]
}
[2021-05-20 15:42:52]--[src_cgi/myfiles_cgi.c:504]--cmd = normal
[2021-05-20 15:42:52]--[src_cgi/myfiles_cgi.c:536]--buf = {
    "count": 1,
    "start": 10,
    "token": "56a5874e1874e17f67d4a5a0d7a52c6a",
    "user": "liaoqingfu"
}

[2021-05-20 15:42:52]--[src_cgi/myfiles_cgi.c:556]--user = liaoqingfu, token = 56a5874e1874e17f67d4a5a0d7a52c6a, start = 10, count = 1
[2021-05-20 15:42:52]--[src_cgi/myfiles_cgi.c:305]--select user_file_list.*, file_info.url, file_info.size, file_info.type from file_info, user_file_list where user = 'liaoqingfu' and file_info.md5 = user_file_list.md5 limit 10, 1 在操作
[2021-05-20 15:42:52]--[src_cgi/myfiles_cgi.c:436]--{
	"files":	[{
			"user":	"liaoqingfu",
			"md5":	"68561b686927ae636c6e7d310ff86a0a",
			"create_time":	"2021-05-15 16:05:52",
			"file_name":	"believe.mp4",
			"share_status":	0,
			"pv":	0,
			"url":	"http://120.27.131.197:80/group1/M00/00/00/eBuDxWCfgOCAWQ5rAHdpanb9HRI840.mp4",
			"size":	7825770,
			"type":	"mp4"
		}]
}
[2021-05-20 15:46:15]--[src_cgi/myfiles_cgi.c:504]--cmd = count
[2021-05-20 15:46:15]--[src_cgi/myfiles_cgi.c:536]--buf = {
    "token": "818354c85b5070de83ea3e7b87000ad7",
    "user": "liaoqingfu"
}

[2021-05-20 15:46:15]--[src_cgi/myfiles_cgi.c:175]--line = 11
[2021-05-20 15:46:16]--[src_cgi/myfiles_cgi.c:504]--cmd = normal
[2021-05-20 15:46:16]--[src_cgi/myfiles_cgi.c:536]--buf = {
    "count": 10,
    "start": 0,
    "token": "818354c85b5070de83ea3e7b87000ad7",
    "user": "liaoqingfu"
}

[2021-05-20 15:46:16]--[src_cgi/myfiles_cgi.c:556]--user = liaoqingfu, token = 818354c85b5070de83ea3e7b87000ad7, start = 0, count = 10
[2021-05-20 15:46:16]--[src_cgi/myfiles_cgi.c:305]--select user_file_list.*, file_info.url, file_info.size, file_info.type from file_info, user_file_list where user = 'liaoqingfu' and file_info.md5 = user_file_list.md5 limit 0, 10 在操作
[2021-05-20 15:46:16]--[src_cgi/myfiles_cgi.c:436]--{
	"files":	[{
			"user":	"liaoqingfu",
			"md5":	"6c5fa2864bb264c91167258b3e478fa0",
			"create_time":	"2021-05-15 11:31:00",
			"file_name":	"Qt5Svg.dll",
			"share_status":	0,
			"pv":	1,
			"url":	"http://120.27.131.197:80/group1/M00/00/00/eBuDxWCfQHSATopyAAV8AJV_1mw866.dll",
			"size":	359424,
			"type":	"dll"
		}, {
			"user":	"liaoqingfu",
			"md5":	"c32b5d82be3d2fcec96de06e81f87814",
			"create_time":	"2021-05-15 11:33:04",
			"file_name":	"1.png",
			"share_status":	0,
			"pv":	0,
			"url":	"http://120.27.131.197:80/group1/M00/00/00/eBuDxWCfQPCAapRFAACtu7ei-L0000.png",
			"size":	44475,
			"type":	"png"
		}, {
			"user":	"liaoqingfu",
			"md5":	"e8019e51b30a43f123ce2d7d101e3b60",
			"create_time":	"2021-05-15 11:45:03",
			"file_name":	"数据库脚本.rar",
			"share_status":	1,
			"pv":	0,
			"url":	"http://120.27.131.197:80/group1/M00/00/00/eBuDxWCfQ7-AZ46qAAAFnA6XuOk033.rar",
			"size":	1436,
			"type":	"rar"
		}, {
			"user":	"liaoqingfu",
			"md5":	"da097613130f00f4080bd0ce328d152a",
			"create_time":	"2021-05-15 11:48:53",
			"file_name":	"吕亚亚 .doc",
			"share_status":	0,
			"pv":	0,
			"url":	"http://120.27.131.197:80/group1/M00/00/00/eBuDxWCfRKWAJqSLAAH3dwDxYMk778.doc",
			"size":	128887,
			"type":	"doc"
		}, {
			"user":	"liaoqingfu",
			"md5":	"c5b362bce86bb0ad3149c4540201331d",
			"create_time":	"2021-05-15 11:54:26",
			"file_name":	"D3Dcompiler_47.dll",
			"share_status":	0,
			"pv":	0,
			"url":	"http://120.27.131.197:80/group1/M00/00/00/eBuDxWCfRfKATFoxADTmaPw2ZiQ946.dll",
			"size":	3466856,
			"type":	"dll"
		}, {
			"user":	"liaoqingfu",
			"md5":	"c08ec7fd283acb830a430bca56c269f9",
			"create_time":	"2021-05-15 11:55:07",
			"file_name":	"output3.mp4",
			"share_status":	0,
			"pv":	0,
			"url":	"http://120.27.131.197:80/group1/M00/00/00/eBuDxWCfRhuAMhSWAPpYluzwA4o872.mp4",
			"size":	16406678,
			"type":	"mp4"
		}, {
			"user":	"liaoqingfu",
			"md5":	"80703bda4916176a1be498cbffee15f8",
			"create_time":	"2021-05-15 15:48:08",
			"file_name":	"加密视频宣传.png",
			"share_status":	0,
			"pv":	0,
			"url":	"http://120.27.131.197:80/group1/M00/00/00/eBuDxWCffLiAB71RAADWDmE16E4491.png",
			"size":	54798,
			"type":	"png"
		}, {
			"user":	"liaoqingfu",
			"md5":	"6c898c6b555220bbd8482d573c83f068",
			"create_time":	"2021-05-15 15:52:39",
			"file_name":	"demo-unknown-20210416151128-Main.mp4",
			"share_status":	0,
			"pv":	0,
			"url":	"http://120.27.131.197:80/group1/M00/00/00/eBuDxWCffceAKffuAGBIr_7tslk974.mp4",
			"size":	6310063,
			"type":	"mp4"
		}, {
			"user":	"liaoqingfu",
			"md5":	"d3120945a3337f1f14843b715c5cef54",
			"create_time":	"2021-05-15 16:03:52",
			"file_name":	"HelloServer.tgz",
			"share_status":	0,
			"pv":	0,
			"url":	"http://120.27.131.197:80/group1/M00/00/00/eBuDxWCfgGiABrKJAAwYOwKfmbc658.tgz",
			"size":	792635,
			"type":	"tgz"
		}, {
			"user":	"liaoqingfu",
			"md5":	"82c2c77f82203be1ced376ccfd022c6b",
			"create_time":	"2021-05-15 16:05:20",
			"file_name":	"SunloginClient_11.0.0.33826_x64.exe",
			"share_status":	0,
			"pv":	0,
			"url":	"http://120.27.131.197:80/group1/M00/00/00/eBuDxWCfgMCASJCTAOAyELby0wk654.exe",
			"size":	14692880,
			"type":	"exe"
		}]
}
[2021-05-20 15:46:16]--[src_cgi/myfiles_cgi.c:504]--cmd = normal
[2021-05-20 15:46:16]--[src_cgi/myfiles_cgi.c:536]--buf = {
    "count": 1,
    "start": 10,
    "token": "818354c85b5070de83ea3e7b87000ad7",
    "user": "liaoqingfu"
}

[2021-05-20 15:46:16]--[src_cgi/myfiles_cgi.c:556]--user = liaoqingfu, token = 818354c85b5070de83ea3e7b87000ad7, start = 10, count = 1
[2021-05-20 15:46:16]--[src_cgi/myfiles_cgi.c:305]--select user_file_list.*, file_info.url, file_info.size, file_info.type from file_info, user_file_list where user = 'liaoqingfu' and file_info.md5 = user_file_list.md5 limit 10, 1 在操作
[2021-05-20 15:46:16]--[src_cgi/myfiles_cgi.c:436]--{
	"files":	[{
			"user":	"liaoqingfu",
			"md5":	"68561b686927ae636c6e7d310ff86a0a",
			"create_time":	"2021-05-15 16:05:52",
			"file_name":	"believe.mp4",
			"share_status":	0,
			"pv":	0,
			"url":	"http://120.27.131.197:80/group1/M00/00/00/eBuDxWCfgOCAWQ5rAHdpanb9HRI840.mp4",
			"size":	7825770,
			"type":	"mp4"
		}]
}
[2021-05-20 15:46:22]--[src_cgi/myfiles_cgi.c:504]--cmd = count
[2021-05-20 15:46:22]--[src_cgi/myfiles_cgi.c:536]--buf = {
    "token": "818354c85b5070de83ea3e7b87000ad7",
    "user": "liaoqingfu"
}

[2021-05-20 15:46:22]--[src_cgi/myfiles_cgi.c:175]--line = 11
[2021-05-20 15:46:22]--[src_cgi/myfiles_cgi.c:504]--cmd = normal
[2021-05-20 15:46:22]--[src_cgi/myfiles_cgi.c:536]--buf = {
    "count": 10,
    "start": 0,
    "token": "818354c85b5070de83ea3e7b87000ad7",
    "user": "liaoqingfu"
}

[2021-05-20 15:46:22]--[src_cgi/myfiles_cgi.c:556]--user = liaoqingfu, token = 818354c85b5070de83ea3e7b87000ad7, start = 0, count = 10
[2021-05-20 15:46:22]--[src_cgi/myfiles_cgi.c:305]--select user_file_list.*, file_info.url, file_info.size, file_info.type from file_info, user_file_list where user = 'liaoqingfu' and file_info.md5 = user_file_list.md5 limit 0, 10 在操作
[2021-05-20 15:46:22]--[src_cgi/myfiles_cgi.c:436]--{
	"files":	[{
			"user":	"liaoqingfu",
			"md5":	"6c5fa2864bb264c91167258b3e478fa0",
			"create_time":	"2021-05-15 11:31:00",
			"file_name":	"Qt5Svg.dll",
			"share_status":	0,
			"pv":	1,
			"url":	"http://120.27.131.197:80/group1/M00/00/00/eBuDxWCfQHSATopyAAV8AJV_1mw866.dll",
			"size":	359424,
			"type":	"dll"
		}, {
			"user":	"liaoqingfu",
			"md5":	"c32b5d82be3d2fcec96de06e81f87814",
			"create_time":	"2021-05-15 11:33:04",
			"file_name":	"1.png",
			"share_status":	0,
			"pv":	0,
			"url":	"http://120.27.131.197:80/group1/M00/00/00/eBuDxWCfQPCAapRFAACtu7ei-L0000.png",
			"size":	44475,
			"type":	"png"
		}, {
			"user":	"liaoqingfu",
			"md5":	"e8019e51b30a43f123ce2d7d101e3b60",
			"create_time":	"2021-05-15 11:45:03",
			"file_name":	"数据库脚本.rar",
			"share_status":	1,
			"pv":	0,
			"url":	"http://120.27.131.197:80/group1/M00/00/00/eBuDxWCfQ7-AZ46qAAAFnA6XuOk033.rar",
			"size":	1436,
			"type":	"rar"
		}, {
			"user":	"liaoqingfu",
			"md5":	"da097613130f00f4080bd0ce328d152a",
			"create_time":	"2021-05-15 11:48:53",
			"file_name":	"吕亚亚 .doc",
			"share_status":	0,
			"pv":	0,
			"url":	"http://120.27.131.197:80/group1/M00/00/00/eBuDxWCfRKWAJqSLAAH3dwDxYMk778.doc",
			"size":	128887,
			"type":	"doc"
		}, {
			"user":	"liaoqingfu",
			"md5":	"c5b362bce86bb0ad3149c4540201331d",
			"create_time":	"2021-05-15 11:54:26",
			"file_name":	"D3Dcompiler_47.dll",
			"share_status":	0,
			"pv":	0,
			"url":	"http://120.27.131.197:80/group1/M00/00/00/eBuDxWCfRfKATFoxADTmaPw2ZiQ946.dll",
			"size":	3466856,
			"type":	"dll"
		}, {
			"user":	"liaoqingfu",
			"md5":	"c08ec7fd283acb830a430bca56c269f9",
			"create_time":	"2021-05-15 11:55:07",
			"file_name":	"output3.mp4",
			"share_status":	0,
			"pv":	0,
			"url":	"http://120.27.131.197:80/group1/M00/00/00/eBuDxWCfRhuAMhSWAPpYluzwA4o872.mp4",
			"size":	16406678,
			"type":	"mp4"
		}, {
			"user":	"liaoqingfu",
			"md5":	"80703bda4916176a1be498cbffee15f8",
			"create_time":	"2021-05-15 15:48:08",
			"file_name":	"加密视频宣传.png",
			"share_status":	0,
			"pv":	0,
			"url":	"http://120.27.131.197:80/group1/M00/00/00/eBuDxWCffLiAB71RAADWDmE16E4491.png",
			"size":	54798,
			"type":	"png"
		}, {
			"user":	"liaoqingfu",
			"md5":	"6c898c6b555220bbd8482d573c83f068",
			"create_time":	"2021-05-15 15:52:39",
			"file_name":	"demo-unknown-20210416151128-Main.mp4",
			"share_status":	0,
			"pv":	0,
			"url":	"http://120.27.131.197:80/group1/M00/00/00/eBuDxWCffceAKffuAGBIr_7tslk974.mp4",
			"size":	6310063,
			"type":	"mp4"
		}, {
			"user":	"liaoqingfu",
			"md5":	"d3120945a3337f1f14843b715c5cef54",
			"create_time":	"2021-05-15 16:03:52",
			"file_name":	"HelloServer.tgz",
			"share_status":	0,
			"pv":	0,
			"url":	"http://120.27.131.197:80/group1/M00/00/00/eBuDxWCfgGiABrKJAAwYOwKfmbc658.tgz",
			"size":	792635,
			"type":	"tgz"
		}, {
			"user":	"liaoqingfu",
			"md5":	"82c2c77f82203be1ced376ccfd022c6b",
			"create_time":	"2021-05-15 16:05:20",
			"file_name":	"SunloginClient_11.0.0.33826_x64.exe",
			"share_status":	0,
			"pv":	0,
			"url":	"http://120.27.131.197:80/group1/M00/00/00/eBuDxWCfgMCASJCTAOAyELby0wk654.exe",
			"size":	14692880,
			"type":	"exe"
		}]
}
[2021-05-20 15:46:22]--[src_cgi/myfiles_cgi.c:504]--cmd = normal
[2021-05-20 15:46:22]--[src_cgi/myfiles_cgi.c:536]--buf = {
    "count": 1,
    "start": 10,
    "token": "818354c85b5070de83ea3e7b87000ad7",
    "user": "liaoqingfu"
}

[2021-05-20 15:46:22]--[src_cgi/myfiles_cgi.c:556]--user = liaoqingfu, token = 818354c85b5070de83ea3e7b87000ad7, start = 10, count = 1
[2021-05-20 15:46:22]--[src_cgi/myfiles_cgi.c:305]--select user_file_list.*, file_info.url, file_info.size, file_info.type from file_info, user_file_list where user = 'liaoqingfu' and file_info.md5 = user_file_list.md5 limit 10, 1 在操作
[2021-05-20 15:46:22]--[src_cgi/myfiles_cgi.c:436]--{
	"files":	[{
			"user":	"liaoqingfu",
			"md5":	"68561b686927ae636c6e7d310ff86a0a",
			"create_time":	"2021-05-15 16:05:52",
			"file_name":	"believe.mp4",
			"share_status":	0,
			"pv":	0,
			"url":	"http://120.27.131.197:80/group1/M00/00/00/eBuDxWCfgOCAWQ5rAHdpanb9HRI840.mp4",
			"size":	7825770,
			"type":	"mp4"
		}]
}
